0 info it worked if it ends with ok
1 verbose cli [ 'C:\\Program Files\\nodejs\\\\node.exe',
1 verbose cli   'C:\\Program Files\\nodejs\\node_modules\\npm\\bin\\npm-cli.js',
1 verbose cli   'install',
1 verbose cli   'usemin' ]
2 info using npm@1.4.28
3 info using node@v0.10.32
4 verbose node symlink C:\Program Files\nodejs\\node.exe
5 verbose readDependencies using package.json deps
6 verbose cache add [ 'usemin', null ]
7 verbose cache add name=undefined spec="usemin" args=["usemin",null]
8 verbose parsed url { protocol: null,
8 verbose parsed url   slashes: null,
8 verbose parsed url   auth: null,
8 verbose parsed url   host: null,
8 verbose parsed url   port: null,
8 verbose parsed url   hostname: null,
8 verbose parsed url   hash: null,
8 verbose parsed url   search: null,
8 verbose parsed url   query: null,
8 verbose parsed url   pathname: 'usemin',
8 verbose parsed url   path: 'usemin',
8 verbose parsed url   href: 'usemin' }
9 silly lockFile c165f364-usemin usemin
10 verbose lock usemin C:\Users\DKardashuk\AppData\Roaming\npm-cache\c165f364-usemin.lock
11 silly lockFile c165f364-usemin usemin
12 silly lockFile c165f364-usemin usemin
13 verbose addNamed [ 'usemin', '' ]
14 verbose addNamed [ null, '*' ]
15 silly lockFile f9e31115-usemin usemin@
16 verbose lock usemin@ C:\Users\DKardashuk\AppData\Roaming\npm-cache\f9e31115-usemin.lock
17 silly addNameRange { name: 'usemin', range: '*', hasData: false }
18 verbose request where is /usemin
19 verbose request registry https://registry.npmjs.org/
20 verbose request id 8941ad4f2dd61bc8
21 verbose url raw /usemin
22 verbose url resolving [ 'https://registry.npmjs.org/', './usemin' ]
23 verbose url resolved https://registry.npmjs.org/usemin
24 verbose request where is https://registry.npmjs.org/usemin
25 info trying registry request attempt 1 at 03:38:56
26 http GET https://registry.npmjs.org/usemin
27 http 404 https://registry.npmjs.org/usemin
28 silly registry.get cb [ 404,
28 silly registry.get   { 'content-type': 'application/json',
28 silly registry.get     'cache-control': 'max-age=0',
28 silly registry.get     'content-length': '2',
28 silly registry.get     'accept-ranges': 'bytes',
28 silly registry.get     date: 'Sat, 08 Oct 2016 00:38:58 GMT',
28 silly registry.get     via: '1.1 varnish',
28 silly registry.get     age: '0',
28 silly registry.get     connection: 'keep-alive',
28 silly registry.get     'x-served-by': 'cache-fra1222-FRA',
28 silly registry.get     'x-cache': 'MISS',
28 silly registry.get     'x-cache-hits': '0',
28 silly registry.get     'x-timer': 'S1475887137.302101,VS0,VE723',
28 silly registry.get     vary: 'Accept-Encoding' } ]
29 silly lockFile f9e31115-usemin usemin@
30 silly lockFile f9e31115-usemin usemin@
31 error 404 Not Found
31 error 404
31 error 404 'usemin' is not in the npm registry.
31 error 404 You should bug the author to publish it
31 error 404 It was specified as a dependency of 'cashflowcard'
31 error 404
31 error 404 Note that you can also install from a
31 error 404 tarball, folder, or http url, or git url.
32 error System Windows_NT 6.2.9200
33 error command "C:\\Program Files\\nodejs\\\\node.exe" "C:\\Program Files\\nodejs\\node_modules\\npm\\bin\\npm-cli.js" "install" "usemin"
34 error cwd Z:\home\cashflow-card
35 error node -v v0.10.32
36 error npm -v 1.4.28
37 error code E404
38 verbose exit [ 1, true ]
